

Started GET "/salutation/hello" for 127.0.0.1 at Thu May 10 13:02:22 +0530 2012

ActionController::RoutingError (No route matches [GET] "/salutation/hello"):
  actionpack (3.2.3) lib/action_dispatch/middleware/debug_exceptions.rb:21:in `call'
  actionpack (3.2.3) lib/action_dispatch/middleware/show_exceptions.rb:56:in `call'
  railties (3.2.3) lib/rails/rack/logger.rb:26:in `call_app'
  railties (3.2.3) lib/rails/rack/logger.rb:16:in `call'
  actionpack (3.2.3) lib/action_dispatch/middleware/request_id.rb:22:in `call'
  rack (1.4.1) lib/rack/methodoverride.rb:21:in `call'
  rack (1.4.1) lib/rack/runtime.rb:17:in `call'
  activesupport (3.2.3) lib/active_support/cache/strategy/local_cache.rb:72:in `call'
  rack (1.4.1) lib/rack/lock.rb:15:in `call'
  actionpack (3.2.3) lib/action_dispatch/middleware/static.rb:62:in `call'
  railties (3.2.3) lib/rails/engine.rb:479:in `call'
  railties (3.2.3) lib/rails/application.rb:220:in `call'
  rack (1.4.1) lib/rack/content_length.rb:14:in `call'
  railties (3.2.3) lib/rails/rack/log_tailer.rb:14:in `call'
  rack (1.4.1) lib/rack/handler/webrick.rb:59:in `service'
  /usr/lib/ruby/1.8/webrick/httpserver.rb:104:in `service'
  /usr/lib/ruby/1.8/webrick/httpserver.rb:65:in `run'
  /usr/lib/ruby/1.8/webrick/server.rb:173:in `start_thread'
  /usr/lib/ruby/1.8/webrick/server.rb:162:in `start'
  /usr/lib/ruby/1.8/webrick/server.rb:162:in `start_thread'
  /usr/lib/ruby/1.8/webrick/server.rb:95:in `start'
  /usr/lib/ruby/1.8/webrick/server.rb:92:in `each'
  /usr/lib/ruby/1.8/webrick/server.rb:92:in `start'
  /usr/lib/ruby/1.8/webrick/server.rb:23:in `start'
  /usr/lib/ruby/1.8/webrick/server.rb:82:in `start'
  rack (1.4.1) lib/rack/handler/webrick.rb:13:in `run'
  rack (1.4.1) lib/rack/server.rb:265:in `start'
  railties (3.2.3) lib/rails/commands/server.rb:70:in `start'
  railties (3.2.3) lib/rails/commands.rb:55
  railties (3.2.3) lib/rails/commands.rb:50:in `tap'
  railties (3.2.3) lib/rails/commands.rb:50
  script/rails:6:in `require'
  script/rails:6


  Rendered /usr/lib/ruby/gems/1.8/gems/actionpack-3.2.3/lib/action_dispatch/middleware/templates/rescues/routing_error.erb within rescues/layout (4.9ms)


Started GET "/assets/rails.png" for 127.0.0.1 at Thu May 10 13:02:49 +0530 2012
Served asset /rails.png - 304 Not Modified (46ms)


Started GET "/rails/info/properties" for 127.0.0.1 at Thu May 10 13:02:53 +0530 2012
Processing by Rails::InfoController#properties as HTML
  Rendered inline template (0.6ms)
Completed 200 OK in 4ms (Views: 2.9ms | ActiveRecord: 0.0ms)


Started GET "/users/new" for 127.0.0.1 at Thu May 10 14:52:33 +0530 2012

ActionController::RoutingError (No route matches [GET] "/users/new"):
  actionpack (3.2.3) lib/action_dispatch/middleware/debug_exceptions.rb:21:in `call'
  actionpack (3.2.3) lib/action_dispatch/middleware/show_exceptions.rb:56:in `call'
  railties (3.2.3) lib/rails/rack/logger.rb:26:in `call_app'
  railties (3.2.3) lib/rails/rack/logger.rb:16:in `call'
  actionpack (3.2.3) lib/action_dispatch/middleware/request_id.rb:22:in `call'
  rack (1.4.1) lib/rack/methodoverride.rb:21:in `call'
  rack (1.4.1) lib/rack/runtime.rb:17:in `call'
  activesupport (3.2.3) lib/active_support/cache/strategy/local_cache.rb:72:in `call'
  rack (1.4.1) lib/rack/lock.rb:15:in `call'
  actionpack (3.2.3) lib/action_dispatch/middleware/static.rb:62:in `call'
  railties (3.2.3) lib/rails/engine.rb:479:in `call'
  railties (3.2.3) lib/rails/application.rb:220:in `call'
  rack (1.4.1) lib/rack/content_length.rb:14:in `call'
  railties (3.2.3) lib/rails/rack/log_tailer.rb:14:in `call'
  rack (1.4.1) lib/rack/handler/webrick.rb:59:in `service'
  /usr/lib/ruby/1.8/webrick/httpserver.rb:104:in `service'
  /usr/lib/ruby/1.8/webrick/httpserver.rb:65:in `run'
  /usr/lib/ruby/1.8/webrick/server.rb:173:in `start_thread'
  /usr/lib/ruby/1.8/webrick/server.rb:162:in `start'
  /usr/lib/ruby/1.8/webrick/server.rb:162:in `start_thread'
  /usr/lib/ruby/1.8/webrick/server.rb:95:in `start'
  /usr/lib/ruby/1.8/webrick/server.rb:92:in `each'
  /usr/lib/ruby/1.8/webrick/server.rb:92:in `start'
  /usr/lib/ruby/1.8/webrick/server.rb:23:in `start'
  /usr/lib/ruby/1.8/webrick/server.rb:82:in `start'
  rack (1.4.1) lib/rack/handler/webrick.rb:13:in `run'
  rack (1.4.1) lib/rack/server.rb:265:in `start'
  railties (3.2.3) lib/rails/commands/server.rb:70:in `start'
  railties (3.2.3) lib/rails/commands.rb:55
  railties (3.2.3) lib/rails/commands.rb:50:in `tap'
  railties (3.2.3) lib/rails/commands.rb:50
  script/rails:6:in `require'
  script/rails:6


  Rendered /usr/lib/ruby/gems/1.8/gems/actionpack-3.2.3/lib/action_dispatch/middleware/templates/rescues/routing_error.erb within rescues/layout (1.8ms)


Started GET "/assets/rails.png" for 127.0.0.1 at Thu May 10 14:56:01 +0530 2012
Served asset /rails.png - 304 Not Modified (0ms)
  [1m[36m (0.3ms)[0m  [1mselect sqlite_version(*)[0m
  [1m[35m (83.8ms)[0m  CREATE TABLE "schema_migrations" ("version" varchar(255) NOT NULL) 
  [1m[36m (0.1ms)[0m  [1mPRAGMA index_list("schema_migrations")[0m
  [1m[35m (50.4ms)[0m  CREATE UNIQUE INDEX "unique_schema_migrations" ON "schema_migrations" ("version")
  [1m[36m (0.2ms)[0m  [1mSELECT "schema_migrations"."version" FROM "schema_migrations" [0m
Migrating to CreateFirsts (20120510093625)
  [1m[35m (0.1ms)[0m  begin transaction
  [1m[36m (0.1ms)[0m  [1mrollback transaction[0m
  [1m[36m (85.3ms)[0m  [1mSELECT "schema_migrations"."version" FROM "schema_migrations" [0m
Migrating to CreateFirsts (20120510093625)
  [1m[35m (0.2ms)[0m  select sqlite_version(*)
  [1m[36m (0.1ms)[0m  [1mbegin transaction[0m
  [1m[35m (0.1ms)[0m  rollback transaction


Started GET "/assets/rails.png" for 127.0.0.1 at Thu May 10 15:09:27 +0530 2012
Served asset /rails.png - 304 Not Modified (4ms)
  [1m[36m (0.2ms)[0m  [1mSELECT "schema_migrations"."version" FROM "schema_migrations" [0m
Migrating to CreateFirsts (20120510093625)
  [1m[35m (0.1ms)[0m  select sqlite_version(*)
  [1m[36m (0.1ms)[0m  [1mbegin transaction[0m
  [1m[35m (0.1ms)[0m  rollback transaction
  [1m[36m (0.2ms)[0m  [1mSELECT "schema_migrations"."version" FROM "schema_migrations" [0m
Migrating to CreateFirsts (20120510094909)
  [1m[35m (0.1ms)[0m  select sqlite_version(*)
  [1m[36m (0.1ms)[0m  [1mbegin transaction[0m
  [1m[35m (0.1ms)[0m  rollback transaction
  [1m[36m (0.2ms)[0m  [1mSELECT "schema_migrations"."version" FROM "schema_migrations" [0m
Migrating to CreateFirsts (20120510094909)
  [1m[35m (0.1ms)[0m  select sqlite_version(*)
  [1m[36m (0.1ms)[0m  [1mbegin transaction[0m
  [1m[35m (0.1ms)[0m  rollback transaction
  [1m[36m (0.2ms)[0m  [1mSELECT "schema_migrations"."version" FROM "schema_migrations" [0m
Migrating to CreateFirsts (20120510094909)
  [1m[35m (0.2ms)[0m  select sqlite_version(*)
  [1m[36m (0.1ms)[0m  [1mbegin transaction[0m
  [1m[35m (1.1ms)[0m  CREATE TABLE "firsts" ("id" INTEGER PRIMARY KEY AUTOINCREMENT NOT NULL, "name" varchar(255), "last" varchar(255), "emailid" varchar(255), "user" varchar(255), "password" varchar(255), "contact" varchar(255), "number" integer, "created_at" datetime NOT NULL, "updated_at" datetime NOT NULL) 
  [1m[36m (0.3ms)[0m  [1mINSERT INTO "schema_migrations" ("version") VALUES ('20120510094909')[0m
  [1m[35m (99.5ms)[0m  commit transaction
  [1m[36m (0.2ms)[0m  [1mselect sqlite_version(*)[0m
  [1m[35m (0.2ms)[0m  SELECT "schema_migrations"."version" FROM "schema_migrations" 
  [1m[36m (0.1ms)[0m  [1mPRAGMA index_list("firsts")[0m


Started GET "/assets/rails.png" for 127.0.0.1 at Thu May 10 15:29:38 +0530 2012
Served asset /rails.png - 304 Not Modified (4ms)


Started GET "/firsts/" for 127.0.0.1 at Thu May 10 15:29:49 +0530 2012
Processing by FirstsController#index as HTML
  [1m[36mFirst Load (0.3ms)[0m  [1mSELECT "firsts".* FROM "firsts" [0m
  Rendered firsts/index.html.erb within layouts/application (4.8ms)
Compiled firsts.css  (11ms)  (pid 7679)
Compiled scaffolds.css  (168ms)  (pid 7679)
Compiled application.css  (212ms)  (pid 7679)
Compiled jquery.js  (8ms)  (pid 7679)
Compiled jquery_ujs.js  (2ms)  (pid 7679)
Compiled firsts.js  (244ms)  (pid 7679)
Compiled application.js  (450ms)  (pid 7679)
Completed 200 OK in 782ms (Views: 749.3ms | ActiveRecord: 2.6ms)


Started GET "/assets/application.css?body=1" for 127.0.0.1 at Thu May 10 15:29:49 +0530 2012
Served asset /application.css - 304 Not Modified (25ms)


Started GET "/assets/firsts.css?body=1" for 127.0.0.1 at Thu May 10 15:29:50 +0530 2012
Served asset /firsts.css - 200 OK (9ms)


Started GET "/assets/scaffolds.css?body=1" for 127.0.0.1 at Thu May 10 15:29:50 +0530 2012
Served asset /scaffolds.css - 304 Not Modified (8ms)


Started GET "/assets/jquery.js?body=1" for 127.0.0.1 at Thu May 10 15:29:50 +0530 2012
Served asset /jquery.js - 304 Not Modified (123ms)


Started GET "/assets/firsts.js?body=1" for 127.0.0.1 at Thu May 10 15:29:50 +0530 2012
Served asset /firsts.js - 200 OK (4ms)


Started GET "/assets/jquery_ujs.js?body=1" for 127.0.0.1 at Thu May 10 15:29:50 +0530 2012
Served asset /jquery_ujs.js - 304 Not Modified (11ms)


Started GET "/assets/application.js?body=1" for 127.0.0.1 at Thu May 10 15:29:50 +0530 2012
Served asset /application.js - 304 Not Modified (26ms)


Started GET "/firsts/new" for 127.0.0.1 at Thu May 10 15:29:56 +0530 2012
Processing by FirstsController#new as HTML
  Rendered firsts/_form.html.erb (30.5ms)
  Rendered firsts/new.html.erb within layouts/application (37.8ms)
Completed 200 OK in 82ms (Views: 52.5ms | ActiveRecord: 0.0ms)


Started GET "/assets/application.css?body=1" for 127.0.0.1 at Thu May 10 15:29:57 +0530 2012
Served asset /application.css - 304 Not Modified (0ms)


Started GET "/assets/firsts.css?body=1" for 127.0.0.1 at Thu May 10 15:29:57 +0530 2012
Served asset /firsts.css - 304 Not Modified (0ms)


Started GET "/assets/jquery.js?body=1" for 127.0.0.1 at Thu May 10 15:29:57 +0530 2012
Served asset /jquery.js - 304 Not Modified (0ms)


Started GET "/assets/jquery_ujs.js?body=1" for 127.0.0.1 at Thu May 10 15:29:57 +0530 2012
Served asset /jquery_ujs.js - 304 Not Modified (0ms)


Started GET "/assets/firsts.js?body=1" for 127.0.0.1 at Thu May 10 15:29:57 +0530 2012
Served asset /firsts.js - 304 Not Modified (0ms)


Started GET "/assets/scaffolds.css?body=1" for 127.0.0.1 at Thu May 10 15:29:57 +0530 2012
Served asset /scaffolds.css - 304 Not Modified (0ms)


Started GET "/assets/application.js?body=1" for 127.0.0.1 at Thu May 10 15:29:57 +0530 2012
Served asset /application.js - 304 Not Modified (1ms)


Started GET "/firsts/new" for 127.0.0.1 at Thu May 10 15:30:47 +0530 2012
Processing by FirstsController#new as HTML
  Rendered firsts/_form.html.erb (15.4ms)
  Rendered firsts/new.html.erb within layouts/application (17.9ms)
Completed 200 OK in 30ms (Views: 28.4ms | ActiveRecord: 0.0ms)


Started GET "/assets/application.css?body=1" for 127.0.0.1 at Thu May 10 15:30:47 +0530 2012
Served asset /application.css - 304 Not Modified (1ms)


Started GET "/assets/firsts.css?body=1" for 127.0.0.1 at Thu May 10 15:30:47 +0530 2012
Served asset /firsts.css - 304 Not Modified (0ms)


Started GET "/assets/scaffolds.css?body=1" for 127.0.0.1 at Thu May 10 15:30:47 +0530 2012
Served asset /scaffolds.css - 304 Not Modified (2ms)


Started GET "/assets/jquery.js?body=1" for 127.0.0.1 at Thu May 10 15:30:47 +0530 2012
Served asset /jquery.js - 304 Not Modified (0ms)


Started GET "/assets/jquery_ujs.js?body=1" for 127.0.0.1 at Thu May 10 15:30:47 +0530 2012
Served asset /jquery_ujs.js - 304 Not Modified (0ms)


Started GET "/assets/application.js?body=1" for 127.0.0.1 at Thu May 10 15:30:47 +0530 2012
Served asset /application.js - 304 Not Modified (1ms)


Started GET "/assets/firsts.js?body=1" for 127.0.0.1 at Thu May 10 15:30:47 +0530 2012
Served asset /firsts.js - 304 Not Modified (0ms)


Started GET "/firsts/new" for 127.0.0.1 at Thu May 10 15:35:02 +0530 2012
Processing by FirstsController#new as HTML
  Rendered firsts/_form.html.erb (20.6ms)
  Rendered firsts/new.html.erb within layouts/application (24.9ms)
Completed 200 OK in 43ms (Views: 40.6ms | ActiveRecord: 0.0ms)


Started GET "/assets/application.css?body=1" for 127.0.0.1 at Thu May 10 15:35:02 +0530 2012
Served asset /application.css - 304 Not Modified (3ms)


Started GET "/assets/firsts.css?body=1" for 127.0.0.1 at Thu May 10 15:35:02 +0530 2012
Served asset /firsts.css - 304 Not Modified (0ms)


Started GET "/assets/scaffolds.css?body=1" for 127.0.0.1 at Thu May 10 15:35:02 +0530 2012
Served asset /scaffolds.css - 304 Not Modified (0ms)


Started GET "/assets/jquery.js?body=1" for 127.0.0.1 at Thu May 10 15:35:02 +0530 2012
Served asset /jquery.js - 304 Not Modified (0ms)


Started GET "/assets/jquery_ujs.js?body=1" for 127.0.0.1 at Thu May 10 15:35:02 +0530 2012
Served asset /jquery_ujs.js - 304 Not Modified (0ms)


Started GET "/assets/firsts.js?body=1" for 127.0.0.1 at Thu May 10 15:35:02 +0530 2012
Served asset /firsts.js - 304 Not Modified (0ms)


Started GET "/assets/application.js?body=1" for 127.0.0.1 at Thu May 10 15:35:02 +0530 2012
Served asset /application.js - 304 Not Modified (1ms)


Started POST "/firsts" for 127.0.0.1 at Thu May 10 15:35:08 +0530 2012
Processing by FirstsController#create as HTML
  Parameters: {"commit"=>"Create First", "utf8"=>"\342\234\223", "first"=>{"emailid"=>"", "password"=>"[FILTERED]", "name"=>"", "number"=>"", "last"=>"", "contact"=>"", "user"=>""}, "authenticity_token"=>"lW2rZ1iy81kpLuPxTf/NujMFqI3Q+tKdJbXdy2HzgKI="}
  [1m[35m (0.2ms)[0m  begin transaction
  [1m[36mSQL (34.2ms)[0m  [1mINSERT INTO "firsts" ("contact", "created_at", "emailid", "last", "name", "number", "password", "updated_at", "user") VALUES (?, ?, ?, ?, ?, ?, ?, ?, ?)[0m  [["contact", ""], ["created_at", Thu, 10 May 2012 10:05:08 UTC +00:00], ["emailid", ""], ["last", ""], ["name", ""], ["number", nil], ["password", ""], ["updated_at", Thu, 10 May 2012 10:05:08 UTC +00:00], ["user", ""]]
  [1m[35m (64.8ms)[0m  commit transaction
Redirected to http://localhost:3000/firsts/1
Completed 302 Found in 113ms (ActiveRecord: 99.2ms)


Started GET "/firsts/1" for 127.0.0.1 at Thu May 10 15:35:08 +0530 2012
Processing by FirstsController#show as HTML
  Parameters: {"id"=>"1"}
  [1m[36mFirst Load (0.5ms)[0m  [1mSELECT "firsts".* FROM "firsts" WHERE "firsts"."id" = ? LIMIT 1[0m  [["id", "1"]]
  Rendered firsts/show.html.erb within layouts/application (5.8ms)
Completed 200 OK in 28ms (Views: 18.0ms | ActiveRecord: 0.5ms)


Started GET "/assets/application.css?body=1" for 127.0.0.1 at Thu May 10 15:35:08 +0530 2012
Served asset /application.css - 304 Not Modified (1ms)


Started GET "/assets/firsts.js?body=1" for 127.0.0.1 at Thu May 10 15:35:08 +0530 2012
Served asset /firsts.js - 304 Not Modified (0ms)


Started GET "/assets/jquery.js?body=1" for 127.0.0.1 at Thu May 10 15:35:09 +0530 2012
Served asset /jquery.js - 304 Not Modified (0ms)


Started GET "/assets/scaffolds.css?body=1" for 127.0.0.1 at Thu May 10 15:35:09 +0530 2012
Served asset /scaffolds.css - 304 Not Modified (0ms)


Started GET "/assets/firsts.css?body=1" for 127.0.0.1 at Thu May 10 15:35:09 +0530 2012
Served asset /firsts.css - 304 Not Modified (0ms)


Started GET "/assets/jquery_ujs.js?body=1" for 127.0.0.1 at Thu May 10 15:35:09 +0530 2012
Served asset /jquery_ujs.js - 304 Not Modified (0ms)


Started GET "/assets/application.js?body=1" for 127.0.0.1 at Thu May 10 15:35:09 +0530 2012
Served asset /application.js - 304 Not Modified (1ms)


Started GET "/firsts" for 127.0.0.1 at Thu May 10 15:35:13 +0530 2012
Processing by FirstsController#index as HTML
  [1m[35mFirst Load (0.5ms)[0m  SELECT "firsts".* FROM "firsts" 
  Rendered firsts/index.html.erb within layouts/application (7.2ms)
Completed 200 OK in 26ms (Views: 22.0ms | ActiveRecord: 0.5ms)


Started GET "/assets/application.css?body=1" for 127.0.0.1 at Thu May 10 15:35:14 +0530 2012
Served asset /application.css - 304 Not Modified (1ms)


Started GET "/assets/firsts.css?body=1" for 127.0.0.1 at Thu May 10 15:35:14 +0530 2012
Served asset /firsts.css - 304 Not Modified (0ms)


Started GET "/assets/scaffolds.css?body=1" for 127.0.0.1 at Thu May 10 15:35:14 +0530 2012
Served asset /scaffolds.css - 304 Not Modified (0ms)


Started GET "/assets/jquery.js?body=1" for 127.0.0.1 at Thu May 10 15:35:14 +0530 2012
Served asset /jquery.js - 304 Not Modified (0ms)


Started GET "/assets/jquery_ujs.js?body=1" for 127.0.0.1 at Thu May 10 15:35:14 +0530 2012
Served asset /jquery_ujs.js - 304 Not Modified (0ms)


Started GET "/assets/firsts.js?body=1" for 127.0.0.1 at Thu May 10 15:35:14 +0530 2012
Served asset /firsts.js - 304 Not Modified (0ms)


Started GET "/assets/application.js?body=1" for 127.0.0.1 at Thu May 10 15:35:14 +0530 2012
Served asset /application.js - 304 Not Modified (1ms)


Started GET "/firsts/1" for 127.0.0.1 at Thu May 10 15:35:17 +0530 2012
Processing by FirstsController#show as HTML
  Parameters: {"id"=>"1"}
  [1m[36mFirst Load (0.2ms)[0m  [1mSELECT "firsts".* FROM "firsts" WHERE "firsts"."id" = ? LIMIT 1[0m  [["id", "1"]]
  Rendered firsts/show.html.erb within layouts/application (2.5ms)
Completed 200 OK in 21ms (Views: 17.7ms | ActiveRecord: 0.2ms)


Started GET "/assets/application.css?body=1" for 127.0.0.1 at Thu May 10 15:35:17 +0530 2012
Served asset /application.css - 304 Not Modified (3ms)


Started GET "/assets/firsts.css?body=1" for 127.0.0.1 at Thu May 10 15:35:17 +0530 2012
Served asset /firsts.css - 304 Not Modified (0ms)


Started GET "/assets/scaffolds.css?body=1" for 127.0.0.1 at Thu May 10 15:35:17 +0530 2012
Served asset /scaffolds.css - 304 Not Modified (0ms)


Started GET "/assets/jquery.js?body=1" for 127.0.0.1 at Thu May 10 15:35:17 +0530 2012
Served asset /jquery.js - 304 Not Modified (0ms)


Started GET "/assets/firsts.js?body=1" for 127.0.0.1 at Thu May 10 15:35:17 +0530 2012
Served asset /firsts.js - 304 Not Modified (0ms)


Started GET "/assets/jquery_ujs.js?body=1" for 127.0.0.1 at Thu May 10 15:35:17 +0530 2012
Served asset /jquery_ujs.js - 304 Not Modified (0ms)


Started GET "/assets/application.js?body=1" for 127.0.0.1 at Thu May 10 15:35:17 +0530 2012
Served asset /application.js - 304 Not Modified (1ms)


Started GET "/firsts/1/edit" for 127.0.0.1 at Thu May 10 15:35:20 +0530 2012
Processing by FirstsController#edit as HTML
  Parameters: {"id"=>"1"}
  [1m[35mFirst Load (0.3ms)[0m  SELECT "firsts".* FROM "firsts" WHERE "firsts"."id" = ? LIMIT 1  [["id", "1"]]
  Rendered firsts/_form.html.erb (23.3ms)
  Rendered firsts/edit.html.erb within layouts/application (28.9ms)
Completed 200 OK in 49ms (Views: 43.9ms | ActiveRecord: 0.3ms)


Started GET "/assets/application.css?body=1" for 127.0.0.1 at Thu May 10 15:35:20 +0530 2012
Served asset /application.css - 304 Not Modified (1ms)


Started GET "/assets/firsts.css?body=1" for 127.0.0.1 at Thu May 10 15:35:20 +0530 2012
Served asset /firsts.css - 304 Not Modified (0ms)


Started GET "/assets/jquery_ujs.js?body=1" for 127.0.0.1 at Thu May 10 15:35:20 +0530 2012
Served asset /jquery_ujs.js - 304 Not Modified (0ms)


Started GET "/assets/scaffolds.css?body=1" for 127.0.0.1 at Thu May 10 15:35:20 +0530 2012
Served asset /scaffolds.css - 304 Not Modified (0ms)


Started GET "/assets/jquery.js?body=1" for 127.0.0.1 at Thu May 10 15:35:20 +0530 2012
Served asset /jquery.js - 304 Not Modified (0ms)


Started GET "/assets/firsts.js?body=1" for 127.0.0.1 at Thu May 10 15:35:20 +0530 2012
Served asset /firsts.js - 304 Not Modified (0ms)


Started GET "/assets/application.js?body=1" for 127.0.0.1 at Thu May 10 15:35:20 +0530 2012
Served asset /application.js - 304 Not Modified (1ms)


Started DELETE "/firsts/1" for 127.0.0.1 at Thu May 10 15:35:26 +0530 2012
Processing by FirstsController#destroy as HTML
  Parameters: {"id"=>"1", "authenticity_token"=>"lW2rZ1iy81kpLuPxTf/NujMFqI3Q+tKdJbXdy2HzgKI="}
  [1m[36mFirst Load (0.3ms)[0m  [1mSELECT "firsts".* FROM "firsts" WHERE "firsts"."id" = ? LIMIT 1[0m  [["id", "1"]]
  [1m[35m (0.2ms)[0m  begin transaction
  [1m[36mSQL (1.1ms)[0m  [1mDELETE FROM "firsts" WHERE "firsts"."id" = ?[0m  [["id", 1]]
  [1m[35m (44.4ms)[0m  commit transaction
Redirected to http://localhost:3000/firsts
Completed 302 Found in 55ms (ActiveRecord: 45.9ms)


Started GET "/firsts" for 127.0.0.1 at Thu May 10 15:35:26 +0530 2012
Processing by FirstsController#index as HTML
  [1m[36mFirst Load (0.3ms)[0m  [1mSELECT "firsts".* FROM "firsts" [0m
  Rendered firsts/index.html.erb within layouts/application (1.4ms)
Completed 200 OK in 15ms (Views: 12.4ms | ActiveRecord: 0.3ms)


Started GET "/assets/scaffolds.css?body=1" for 127.0.0.1 at Thu May 10 15:35:26 +0530 2012
Served asset /scaffolds.css - 304 Not Modified (0ms)


Started GET "/assets/application.css?body=1" for 127.0.0.1 at Thu May 10 15:35:26 +0530 2012
Served asset /application.css - 304 Not Modified (3ms)


Started GET "/assets/firsts.css?body=1" for 127.0.0.1 at Thu May 10 15:35:26 +0530 2012
Served asset /firsts.css - 304 Not Modified (0ms)


Started GET "/assets/jquery.js?body=1" for 127.0.0.1 at Thu May 10 15:35:26 +0530 2012
Served asset /jquery.js - 304 Not Modified (0ms)


Started GET "/assets/firsts.js?body=1" for 127.0.0.1 at Thu May 10 15:35:26 +0530 2012
Served asset /firsts.js - 304 Not Modified (0ms)


Started GET "/assets/jquery_ujs.js?body=1" for 127.0.0.1 at Thu May 10 15:35:26 +0530 2012
Served asset /jquery_ujs.js - 304 Not Modified (0ms)


Started GET "/assets/application.js?body=1" for 127.0.0.1 at Thu May 10 15:35:26 +0530 2012
Served asset /application.js - 304 Not Modified (1ms)


Started GET "/users" for 127.0.0.1 at Thu May 10 15:42:30 +0530 2012

ActionController::RoutingError (No route matches [GET] "/users"):
  actionpack (3.2.3) lib/action_dispatch/middleware/debug_exceptions.rb:21:in `call'
  actionpack (3.2.3) lib/action_dispatch/middleware/show_exceptions.rb:56:in `call'
  railties (3.2.3) lib/rails/rack/logger.rb:26:in `call_app'
  railties (3.2.3) lib/rails/rack/logger.rb:16:in `call'
  actionpack (3.2.3) lib/action_dispatch/middleware/request_id.rb:22:in `call'
  rack (1.4.1) lib/rack/methodoverride.rb:21:in `call'
  rack (1.4.1) lib/rack/runtime.rb:17:in `call'
  activesupport (3.2.3) lib/active_support/cache/strategy/local_cache.rb:72:in `call'
  rack (1.4.1) lib/rack/lock.rb:15:in `call'
  actionpack (3.2.3) lib/action_dispatch/middleware/static.rb:62:in `call'
  railties (3.2.3) lib/rails/engine.rb:479:in `call'
  railties (3.2.3) lib/rails/application.rb:220:in `call'
  rack (1.4.1) lib/rack/content_length.rb:14:in `call'
  railties (3.2.3) lib/rails/rack/log_tailer.rb:14:in `call'
  rack (1.4.1) lib/rack/handler/webrick.rb:59:in `service'
  /usr/lib/ruby/1.8/webrick/httpserver.rb:104:in `service'
  /usr/lib/ruby/1.8/webrick/httpserver.rb:65:in `run'
  /usr/lib/ruby/1.8/webrick/server.rb:173:in `start_thread'
  /usr/lib/ruby/1.8/webrick/server.rb:162:in `start'
  /usr/lib/ruby/1.8/webrick/server.rb:162:in `start_thread'
  /usr/lib/ruby/1.8/webrick/server.rb:95:in `start'
  /usr/lib/ruby/1.8/webrick/server.rb:92:in `each'
  /usr/lib/ruby/1.8/webrick/server.rb:92:in `start'
  /usr/lib/ruby/1.8/webrick/server.rb:23:in `start'
  /usr/lib/ruby/1.8/webrick/server.rb:82:in `start'
  rack (1.4.1) lib/rack/handler/webrick.rb:13:in `run'
  rack (1.4.1) lib/rack/server.rb:265:in `start'
  railties (3.2.3) lib/rails/commands/server.rb:70:in `start'
  railties (3.2.3) lib/rails/commands.rb:55
  railties (3.2.3) lib/rails/commands.rb:50:in `tap'
  railties (3.2.3) lib/rails/commands.rb:50
  script/rails:6:in `require'
  script/rails:6


  Rendered /usr/lib/ruby/gems/1.8/gems/actionpack-3.2.3/lib/action_dispatch/middleware/templates/rescues/routing_error.erb within rescues/layout (1.6ms)


Started GET "/firsts/new" for 127.0.0.1 at Thu May 10 15:43:44 +0530 2012
Processing by FirstsController#new as HTML
  Rendered firsts/_form.html.erb (136.5ms)
  Rendered firsts/new.html.erb within layouts/application (139.8ms)
Completed 200 OK in 155ms (Views: 153.4ms | ActiveRecord: 0.0ms)


Started GET "/assets/application.css?body=1" for 127.0.0.1 at Thu May 10 15:43:44 +0530 2012
Served asset /application.css - 304 Not Modified (4ms)


Started GET "/assets/firsts.css?body=1" for 127.0.0.1 at Thu May 10 15:43:44 +0530 2012
Served asset /firsts.css - 304 Not Modified (0ms)


Started GET "/assets/scaffolds.css?body=1" for 127.0.0.1 at Thu May 10 15:43:44 +0530 2012
Served asset /scaffolds.css - 304 Not Modified (0ms)


Started GET "/assets/jquery.js?body=1" for 127.0.0.1 at Thu May 10 15:43:44 +0530 2012
Served asset /jquery.js - 304 Not Modified (0ms)


Started GET "/assets/jquery_ujs.js?body=1" for 127.0.0.1 at Thu May 10 15:43:44 +0530 2012
Served asset /jquery_ujs.js - 304 Not Modified (0ms)


Started GET "/assets/firsts.js?body=1" for 127.0.0.1 at Thu May 10 15:43:44 +0530 2012
Served asset /firsts.js - 304 Not Modified (0ms)


Started GET "/assets/application.js?body=1" for 127.0.0.1 at Thu May 10 15:43:44 +0530 2012
Served asset /application.js - 304 Not Modified (1ms)


Started GET "/firsts" for 127.0.0.1 at Thu May 10 15:43:50 +0530 2012
Processing by FirstsController#index as HTML
  [1m[35mFirst Load (0.4ms)[0m  SELECT "firsts".* FROM "firsts" 
  Rendered firsts/index.html.erb within layouts/application (1.9ms)
Completed 200 OK in 20ms (Views: 16.3ms | ActiveRecord: 0.4ms)


Started GET "/assets/application.css?body=1" for 127.0.0.1 at Thu May 10 15:43:50 +0530 2012
Served asset /application.css - 304 Not Modified (0ms)


Started GET "/assets/scaffolds.css?body=1" for 127.0.0.1 at Thu May 10 15:43:50 +0530 2012
Served asset /scaffolds.css - 304 Not Modified (0ms)


Started GET "/assets/firsts.css?body=1" for 127.0.0.1 at Thu May 10 15:43:50 +0530 2012
Served asset /firsts.css - 304 Not Modified (0ms)


Started GET "/assets/jquery_ujs.js?body=1" for 127.0.0.1 at Thu May 10 15:43:50 +0530 2012
Served asset /jquery_ujs.js - 304 Not Modified (0ms)


Started GET "/assets/firsts.js?body=1" for 127.0.0.1 at Thu May 10 15:43:50 +0530 2012
Served asset /firsts.js - 304 Not Modified (0ms)


Started GET "/assets/jquery.js?body=1" for 127.0.0.1 at Thu May 10 15:43:50 +0530 2012
Served asset /jquery.js - 304 Not Modified (0ms)


Started GET "/assets/application.js?body=1" for 127.0.0.1 at Thu May 10 15:43:50 +0530 2012
Served asset /application.js - 304 Not Modified (1ms)


Started GET "/firsts/1" for 127.0.0.1 at Thu May 10 15:44:03 +0530 2012
Processing by FirstsController#show as HTML
  Parameters: {"id"=>"1"}
  [1m[36mFirst Load (0.2ms)[0m  [1mSELECT "firsts".* FROM "firsts" WHERE "firsts"."id" = ? LIMIT 1[0m  [["id", "1"]]
Completed 500 Internal Server Error in 3ms

ActiveRecord::RecordNotFound (Couldn't find First with id=1):
  app/controllers/firsts_controller.rb:16:in `show'


  Rendered /usr/lib/ruby/gems/1.8/gems/actionpack-3.2.3/lib/action_dispatch/middleware/templates/rescues/_trace.erb (2.2ms)
  Rendered /usr/lib/ruby/gems/1.8/gems/actionpack-3.2.3/lib/action_dispatch/middleware/templates/rescues/_request_and_response.erb (1.8ms)
  Rendered /usr/lib/ruby/gems/1.8/gems/actionpack-3.2.3/lib/action_dispatch/middleware/templates/rescues/diagnostics.erb within rescues/layout (16.5ms)


Started GET "/firsts/" for 127.0.0.1 at Thu May 10 15:44:07 +0530 2012
Processing by FirstsController#index as HTML
  [1m[35mFirst Load (0.3ms)[0m  SELECT "firsts".* FROM "firsts" 
  Rendered firsts/index.html.erb within layouts/application (1.0ms)
Completed 200 OK in 15ms (Views: 12.0ms | ActiveRecord: 0.3ms)


Started GET "/assets/application.css?body=1" for 127.0.0.1 at Thu May 10 15:44:07 +0530 2012
Served asset /application.css - 304 Not Modified (7ms)


Started GET "/assets/firsts.css?body=1" for 127.0.0.1 at Thu May 10 15:44:07 +0530 2012
Served asset /firsts.css - 304 Not Modified (0ms)


Started GET "/assets/jquery_ujs.js?body=1" for 127.0.0.1 at Thu May 10 15:44:07 +0530 2012
Served asset /jquery_ujs.js - 304 Not Modified (0ms)


Started GET "/assets/firsts.js?body=1" for 127.0.0.1 at Thu May 10 15:44:08 +0530 2012
Served asset /firsts.js - 304 Not Modified (0ms)


Started GET "/assets/jquery.js?body=1" for 127.0.0.1 at Thu May 10 15:44:08 +0530 2012
Served asset /jquery.js - 304 Not Modified (0ms)


Started GET "/assets/scaffolds.css?body=1" for 127.0.0.1 at Thu May 10 15:44:08 +0530 2012
Served asset /scaffolds.css - 304 Not Modified (0ms)


Started GET "/assets/application.js?body=1" for 127.0.0.1 at Thu May 10 15:44:08 +0530 2012
Served asset /application.js - 304 Not Modified (1ms)
  [1m[36m (0.2ms)[0m  [1mSELECT "schema_migrations"."version" FROM "schema_migrations" [0m
Migrating to CreateFirsts (20120510094909)
Migrating to CreateMicroposts (20120510113949)
  [1m[35m (0.2ms)[0m  select sqlite_version(*)
  [1m[36m (0.1ms)[0m  [1mbegin transaction[0m
  [1m[35m (0.8ms)[0m  CREATE TABLE "microposts" ("id" INTEGER PRIMARY KEY AUTOINCREMENT NOT NULL, "content" varchar(255), "user" varchar(255), "created_at" datetime NOT NULL, "updated_at" datetime NOT NULL) 
  [1m[36m (0.3ms)[0m  [1mINSERT INTO "schema_migrations" ("version") VALUES ('20120510113949')[0m
  [1m[35m (76.7ms)[0m  commit transaction
  [1m[36m (0.1ms)[0m  [1mselect sqlite_version(*)[0m
  [1m[35m (0.6ms)[0m  SELECT "schema_migrations"."version" FROM "schema_migrations" 
  [1m[36m (0.1ms)[0m  [1mPRAGMA index_list("firsts")[0m
  [1m[35m (0.1ms)[0m  PRAGMA index_list("microposts")


Started GET "/firsts/" for 127.0.0.1 at Thu May 10 17:14:07 +0530 2012
Processing by FirstsController#index as HTML
  [1m[36mFirst Load (0.3ms)[0m  [1mSELECT "firsts".* FROM "firsts" [0m
  Rendered firsts/index.html.erb within layouts/application (5.1ms)
Compiled microposts.css  (6ms)  (pid 8073)
Compiled application.css  (27ms)  (pid 8073)
Compiled microposts.js  (241ms)  (pid 8073)
Compiled application.js  (275ms)  (pid 8073)
Completed 200 OK in 528ms (Views: 495.9ms | ActiveRecord: 2.6ms)


Started GET "/assets/application.css?body=1" for 127.0.0.1 at Thu May 10 17:14:08 +0530 2012
Served asset /application.css - 304 Not Modified (36ms)


Started GET "/assets/microposts.css?body=1" for 127.0.0.1 at Thu May 10 17:14:08 +0530 2012
Served asset /microposts.css - 200 OK (7ms)


Started GET "/assets/firsts.css?body=1" for 127.0.0.1 at Thu May 10 17:14:08 +0530 2012
Served asset /firsts.css - 304 Not Modified (7ms)


Started GET "/assets/scaffolds.css?body=1" for 127.0.0.1 at Thu May 10 17:14:08 +0530 2012
Served asset /scaffolds.css - 304 Not Modified (6ms)


Started GET "/assets/jquery.js?body=1" for 127.0.0.1 at Thu May 10 17:14:08 +0530 2012
Served asset /jquery.js - 304 Not Modified (20ms)


Started GET "/assets/jquery_ujs.js?body=1" for 127.0.0.1 at Thu May 10 17:14:08 +0530 2012
Served asset /jquery_ujs.js - 304 Not Modified (11ms)


Started GET "/assets/firsts.js?body=1" for 127.0.0.1 at Thu May 10 17:14:08 +0530 2012
Served asset /firsts.js - 304 Not Modified (7ms)


Started GET "/assets/microposts.js?body=1" for 127.0.0.1 at Thu May 10 17:14:08 +0530 2012
Served asset /microposts.js - 200 OK (7ms)


Started GET "/assets/application.js?body=1" for 127.0.0.1 at Thu May 10 17:14:08 +0530 2012
Served asset /application.js - 304 Not Modified (32ms)


Started GET "/microposts" for 127.0.0.1 at Thu May 10 17:16:11 +0530 2012
Processing by MicropostsController#index as HTML
  [1m[35mMicropost Load (0.2ms)[0m  SELECT "microposts".* FROM "microposts" 
  Rendered microposts/index.html.erb within layouts/application (2.4ms)
Completed 200 OK in 22ms (Views: 15.7ms | ActiveRecord: 0.8ms)


Started GET "/assets/application.css?body=1" for 127.0.0.1 at Thu May 10 17:16:11 +0530 2012
Served asset /application.css - 304 Not Modified (1ms)


Started GET "/assets/firsts.css?body=1" for 127.0.0.1 at Thu May 10 17:16:11 +0530 2012
Served asset /firsts.css - 304 Not Modified (0ms)


Started GET "/assets/microposts.css?body=1" for 127.0.0.1 at Thu May 10 17:16:11 +0530 2012
Served asset /microposts.css - 304 Not Modified (0ms)


Started GET "/assets/scaffolds.css?body=1" for 127.0.0.1 at Thu May 10 17:16:11 +0530 2012
Served asset /scaffolds.css - 304 Not Modified (0ms)


Started GET "/assets/jquery.js?body=1" for 127.0.0.1 at Thu May 10 17:16:11 +0530 2012
Served asset /jquery.js - 304 Not Modified (0ms)


Started GET "/assets/jquery_ujs.js?body=1" for 127.0.0.1 at Thu May 10 17:16:11 +0530 2012
Served asset /jquery_ujs.js - 304 Not Modified (0ms)


Started GET "/assets/firsts.js?body=1" for 127.0.0.1 at Thu May 10 17:16:11 +0530 2012
Served asset /firsts.js - 304 Not Modified (0ms)


Started GET "/assets/microposts.js?body=1" for 127.0.0.1 at Thu May 10 17:16:11 +0530 2012
Served asset /microposts.js - 304 Not Modified (0ms)


Started GET "/assets/application.js?body=1" for 127.0.0.1 at Thu May 10 17:16:11 +0530 2012
Served asset /application.js - 304 Not Modified (1ms)


Started GET "/microposts/new" for 127.0.0.1 at Thu May 10 17:16:14 +0530 2012
Processing by MicropostsController#new as HTML
  Rendered microposts/_form.html.erb (16.3ms)
  Rendered microposts/new.html.erb within layouts/application (23.2ms)
Completed 200 OK in 174ms (Views: 37.6ms | ActiveRecord: 0.0ms)


Started GET "/assets/firsts.css?body=1" for 127.0.0.1 at Thu May 10 17:16:14 +0530 2012
Served asset /firsts.css - 304 Not Modified (0ms)


Started GET "/assets/application.css?body=1" for 127.0.0.1 at Thu May 10 17:16:14 +0530 2012
Served asset /application.css - 304 Not Modified (0ms)


Started GET "/assets/microposts.css?body=1" for 127.0.0.1 at Thu May 10 17:16:14 +0530 2012
Served asset /microposts.css - 304 Not Modified (0ms)


Started GET "/assets/scaffolds.css?body=1" for 127.0.0.1 at Thu May 10 17:16:14 +0530 2012
Served asset /scaffolds.css - 304 Not Modified (3ms)


Started GET "/assets/jquery.js?body=1" for 127.0.0.1 at Thu May 10 17:16:14 +0530 2012
Served asset /jquery.js - 304 Not Modified (0ms)


Started GET "/assets/jquery_ujs.js?body=1" for 127.0.0.1 at Thu May 10 17:16:14 +0530 2012
Served asset /jquery_ujs.js - 304 Not Modified (0ms)


Started GET "/assets/firsts.js?body=1" for 127.0.0.1 at Thu May 10 17:16:14 +0530 2012
Served asset /firsts.js - 304 Not Modified (0ms)


Started GET "/assets/microposts.js?body=1" for 127.0.0.1 at Thu May 10 17:16:14 +0530 2012
Served asset /microposts.js - 304 Not Modified (0ms)


Started GET "/assets/application.js?body=1" for 127.0.0.1 at Thu May 10 17:16:14 +0530 2012
Served asset /application.js - 304 Not Modified (1ms)


Started GET "/assets/rails.png" for 127.0.0.1 at Mon May 14 10:22:32 +0530 2012
Served asset /rails.png - 304 Not Modified (46ms)


Started GET "/firsts" for 127.0.0.1 at Mon May 14 10:22:38 +0530 2012
Processing by FirstsController#index as HTML
  [1m[36mFirst Load (0.8ms)[0m  [1mSELECT "firsts".* FROM "firsts" [0m
  Rendered firsts/index.html.erb within layouts/application (39.1ms)
Completed 200 OK in 1337ms (Views: 1063.9ms | ActiveRecord: 3.2ms)


Started GET "/assets/application.css?body=1" for 127.0.0.1 at Mon May 14 10:22:42 +0530 2012
Served asset /application.css - 304 Not Modified (29ms)


Started GET "/assets/firsts.css?body=1" for 127.0.0.1 at Mon May 14 10:22:42 +0530 2012
Served asset /firsts.css - 304 Not Modified (8ms)


Started GET "/assets/microposts.css?body=1" for 127.0.0.1 at Mon May 14 10:22:42 +0530 2012
Served asset /microposts.css - 304 Not Modified (9ms)


Started GET "/assets/scaffolds.css?body=1" for 127.0.0.1 at Mon May 14 10:22:42 +0530 2012
Served asset /scaffolds.css - 304 Not Modified (10ms)


Started GET "/assets/jquery.js?body=1" for 127.0.0.1 at Mon May 14 10:22:42 +0530 2012
Served asset /jquery.js - 304 Not Modified (39ms)


Started GET "/assets/jquery_ujs.js?body=1" for 127.0.0.1 at Mon May 14 10:22:42 +0530 2012
Served asset /jquery_ujs.js - 304 Not Modified (6ms)


Started GET "/assets/firsts.js?body=1" for 127.0.0.1 at Mon May 14 10:22:42 +0530 2012
Served asset /firsts.js - 304 Not Modified (4ms)


Started GET "/assets/microposts.js?body=1" for 127.0.0.1 at Mon May 14 10:22:42 +0530 2012
Served asset /microposts.js - 304 Not Modified (4ms)


Started GET "/assets/application.js?body=1" for 127.0.0.1 at Mon May 14 10:22:42 +0530 2012
Served asset /application.js - 304 Not Modified (22ms)


Started GET "/firsts/new" for 127.0.0.1 at Mon May 14 10:22:48 +0530 2012
Processing by FirstsController#new as HTML
  Rendered firsts/_form.html.erb (71.0ms)
  Rendered firsts/new.html.erb within layouts/application (92.7ms)
Completed 200 OK in 157ms (Views: 139.2ms | ActiveRecord: 0.0ms)


Started GET "/assets/application.css?body=1" for 127.0.0.1 at Mon May 14 10:22:49 +0530 2012
Served asset /application.css - 304 Not Modified (1ms)


Started GET "/assets/firsts.css?body=1" for 127.0.0.1 at Mon May 14 10:22:49 +0530 2012
Served asset /firsts.css - 304 Not Modified (0ms)


Started GET "/assets/microposts.css?body=1" for 127.0.0.1 at Mon May 14 10:22:49 +0530 2012
Served asset /microposts.css - 304 Not Modified (0ms)


Started GET "/assets/jquery.js?body=1" for 127.0.0.1 at Mon May 14 10:22:49 +0530 2012
Served asset /jquery.js - 304 Not Modified (0ms)


Started GET "/assets/jquery_ujs.js?body=1" for 127.0.0.1 at Mon May 14 10:22:49 +0530 2012
Served asset /jquery_ujs.js - 304 Not Modified (0ms)


Started GET "/assets/scaffolds.css?body=1" for 127.0.0.1 at Mon May 14 10:22:49 +0530 2012
Served asset /scaffolds.css - 304 Not Modified (0ms)


Started GET "/assets/firsts.js?body=1" for 127.0.0.1 at Mon May 14 10:22:49 +0530 2012
Served asset /firsts.js - 304 Not Modified (0ms)


Started GET "/assets/microposts.js?body=1" for 127.0.0.1 at Mon May 14 10:22:49 +0530 2012
Served asset /microposts.js - 304 Not Modified (0ms)


Started GET "/assets/application.js?body=1" for 127.0.0.1 at Mon May 14 10:22:49 +0530 2012
Served asset /application.js - 304 Not Modified (1ms)


Started GET "/microposts" for 127.0.0.1 at Mon May 14 10:23:13 +0530 2012
Processing by MicropostsController#index as HTML
  [1m[35mMicropost Load (0.2ms)[0m  SELECT "microposts".* FROM "microposts" 
  Rendered microposts/index.html.erb within layouts/application (2.7ms)
Completed 200 OK in 50ms (Views: 43.9ms | ActiveRecord: 0.8ms)


Started GET "/assets/application.css?body=1" for 127.0.0.1 at Mon May 14 10:23:13 +0530 2012
Served asset /application.css - 304 Not Modified (1ms)


Started GET "/assets/firsts.css?body=1" for 127.0.0.1 at Mon May 14 10:23:13 +0530 2012
Served asset /firsts.css - 304 Not Modified (0ms)


Started GET "/assets/scaffolds.css?body=1" for 127.0.0.1 at Mon May 14 10:23:13 +0530 2012
Served asset /scaffolds.css - 304 Not Modified (0ms)


Started GET "/assets/jquery.js?body=1" for 127.0.0.1 at Mon May 14 10:23:13 +0530 2012
Served asset /jquery.js - 304 Not Modified (0ms)


Started GET "/assets/jquery_ujs.js?body=1" for 127.0.0.1 at Mon May 14 10:23:13 +0530 2012
Served asset /jquery_ujs.js - 304 Not Modified (0ms)


Started GET "/assets/microposts.css?body=1" for 127.0.0.1 at Mon May 14 10:23:13 +0530 2012
Served asset /microposts.css - 304 Not Modified (0ms)


Started GET "/assets/firsts.js?body=1" for 127.0.0.1 at Mon May 14 10:23:13 +0530 2012
Served asset /firsts.js - 304 Not Modified (0ms)


Started GET "/assets/microposts.js?body=1" for 127.0.0.1 at Mon May 14 10:23:13 +0530 2012
Served asset /microposts.js - 304 Not Modified (0ms)


Started GET "/assets/application.js?body=1" for 127.0.0.1 at Mon May 14 10:23:13 +0530 2012
Served asset /application.js - 304 Not Modified (1ms)


Started GET "/microposts/new" for 127.0.0.1 at Mon May 14 10:23:20 +0530 2012
Processing by MicropostsController#new as HTML
  Rendered microposts/_form.html.erb (17.2ms)
  Rendered microposts/new.html.erb within layouts/application (37.6ms)
Completed 200 OK in 262ms (Views: 246.6ms | ActiveRecord: 0.0ms)


Started GET "/assets/application.css?body=1" for 127.0.0.1 at Mon May 14 10:23:21 +0530 2012
Served asset /application.css - 304 Not Modified (1ms)


Started GET "/assets/firsts.css?body=1" for 127.0.0.1 at Mon May 14 10:23:21 +0530 2012
Served asset /firsts.css - 304 Not Modified (0ms)


Started GET "/assets/microposts.css?body=1" for 127.0.0.1 at Mon May 14 10:23:21 +0530 2012
Served asset /microposts.css - 304 Not Modified (0ms)


Started GET "/assets/jquery_ujs.js?body=1" for 127.0.0.1 at Mon May 14 10:23:21 +0530 2012
Served asset /jquery_ujs.js - 304 Not Modified (0ms)


Started GET "/assets/jquery.js?body=1" for 127.0.0.1 at Mon May 14 10:23:21 +0530 2012
Served asset /jquery.js - 304 Not Modified (0ms)


Started GET "/assets/scaffolds.css?body=1" for 127.0.0.1 at Mon May 14 10:23:21 +0530 2012
Served asset /scaffolds.css - 304 Not Modified (0ms)


Started GET "/assets/firsts.js?body=1" for 127.0.0.1 at Mon May 14 10:23:21 +0530 2012
Served asset /firsts.js - 304 Not Modified (0ms)


Started GET "/assets/microposts.js?body=1" for 127.0.0.1 at Mon May 14 10:23:21 +0530 2012
Served asset /microposts.js - 304 Not Modified (0ms)


Started GET "/assets/application.js?body=1" for 127.0.0.1 at Mon May 14 10:23:21 +0530 2012
Served asset /application.js - 304 Not Modified (1ms)


Started POST "/microposts" for 127.0.0.1 at Mon May 14 10:23:38 +0530 2012
Processing by MicropostsController#create as HTML
  Parameters: {"utf8"=>"\342\234\223", "commit"=>"Create Micropost", "authenticity_token"=>"3y6LKhsxn19T5xiiMEuOdaxRPItOnQi0f6M+DGUCr20=", "micropost"=>{"id"=>"1", "user"=>"abc", "content"=>"hi helllo"}}
  [1m[36m (0.2ms)[0m  [1mbegin transaction[0m
  [1m[35mSQL (42.2ms)[0m  INSERT INTO "microposts" ("content", "created_at", "id", "updated_at", "user") VALUES (?, ?, ?, ?, ?)  [["content", "hi helllo"], ["created_at", Mon, 14 May 2012 04:53:38 UTC +00:00], ["id", 1], ["updated_at", Mon, 14 May 2012 04:53:38 UTC +00:00], ["user", "abc"]]
  [1m[36m (157.7ms)[0m  [1mcommit transaction[0m
Redirected to http://localhost:3000/microposts/1
Completed 302 Found in 213ms (ActiveRecord: 200.1ms)


Started GET "/microposts/1" for 127.0.0.1 at Mon May 14 10:23:38 +0530 2012
Processing by MicropostsController#show as HTML
  Parameters: {"id"=>"1"}
  [1m[35mMicropost Load (0.7ms)[0m  SELECT "microposts".* FROM "microposts" WHERE "microposts"."id" = ? LIMIT 1  [["id", "1"]]
  Rendered microposts/show.html.erb within layouts/application (3.5ms)
Completed 200 OK in 64ms (Views: 52.5ms | ActiveRecord: 0.7ms)


Started GET "/assets/application.css?body=1" for 127.0.0.1 at Mon May 14 10:23:38 +0530 2012
Served asset /application.css - 304 Not Modified (4ms)


Started GET "/assets/jquery_ujs.js?body=1" for 127.0.0.1 at Mon May 14 10:23:38 +0530 2012
Served asset /jquery_ujs.js - 304 Not Modified (0ms)


Started GET "/assets/microposts.css?body=1" for 127.0.0.1 at Mon May 14 10:23:38 +0530 2012
Served asset /microposts.css - 304 Not Modified (0ms)


Started GET "/assets/jquery.js?body=1" for 127.0.0.1 at Mon May 14 10:23:38 +0530 2012
Served asset /jquery.js - 304 Not Modified (0ms)


Started GET "/assets/scaffolds.css?body=1" for 127.0.0.1 at Mon May 14 10:23:39 +0530 2012
Served asset /scaffolds.css - 304 Not Modified (2ms)


Started GET "/assets/firsts.css?body=1" for 127.0.0.1 at Mon May 14 10:23:39 +0530 2012
Served asset /firsts.css - 304 Not Modified (0ms)


Started GET "/assets/firsts.js?body=1" for 127.0.0.1 at Mon May 14 10:23:39 +0530 2012
Served asset /firsts.js - 304 Not Modified (0ms)


Started GET "/assets/microposts.js?body=1" for 127.0.0.1 at Mon May 14 10:23:39 +0530 2012
Served asset /microposts.js - 304 Not Modified (0ms)


Started GET "/assets/application.js?body=1" for 127.0.0.1 at Mon May 14 10:23:39 +0530 2012
Served asset /application.js - 304 Not Modified (1ms)


Started GET "/microposts/1/edit" for 127.0.0.1 at Mon May 14 10:23:43 +0530 2012
Processing by MicropostsController#edit as HTML
  Parameters: {"id"=>"1"}
  [1m[36mMicropost Load (0.2ms)[0m  [1mSELECT "microposts".* FROM "microposts" WHERE "microposts"."id" = ? LIMIT 1[0m  [["id", "1"]]
  Rendered microposts/_form.html.erb (8.5ms)
  Rendered microposts/edit.html.erb within layouts/application (13.0ms)
Completed 200 OK in 38ms (Views: 34.8ms | ActiveRecord: 0.2ms)


Started GET "/assets/application.css?body=1" for 127.0.0.1 at Mon May 14 10:23:43 +0530 2012
Served asset /application.css - 304 Not Modified (1ms)


Started GET "/assets/scaffolds.css?body=1" for 127.0.0.1 at Mon May 14 10:23:43 +0530 2012
Served asset /scaffolds.css - 304 Not Modified (0ms)


Started GET "/assets/jquery.js?body=1" for 127.0.0.1 at Mon May 14 10:23:43 +0530 2012
Served asset /jquery.js - 304 Not Modified (0ms)


Started GET "/assets/firsts.css?body=1" for 127.0.0.1 at Mon May 14 10:23:43 +0530 2012
Served asset /firsts.css - 304 Not Modified (0ms)


Started GET "/assets/microposts.css?body=1" for 127.0.0.1 at Mon May 14 10:23:43 +0530 2012
Served asset /microposts.css - 304 Not Modified (0ms)


Started GET "/assets/jquery_ujs.js?body=1" for 127.0.0.1 at Mon May 14 10:23:43 +0530 2012
Served asset /jquery_ujs.js - 304 Not Modified (0ms)


Started GET "/assets/firsts.js?body=1" for 127.0.0.1 at Mon May 14 10:23:43 +0530 2012
Served asset /firsts.js - 304 Not Modified (0ms)


Started GET "/assets/microposts.js?body=1" for 127.0.0.1 at Mon May 14 10:23:43 +0530 2012
Served asset /microposts.js - 304 Not Modified (0ms)


Started GET "/assets/application.js?body=1" for 127.0.0.1 at Mon May 14 10:23:43 +0530 2012
Served asset /application.js - 304 Not Modified (1ms)


Started GET "/microposts" for 127.0.0.1 at Mon May 14 10:23:46 +0530 2012
Processing by MicropostsController#index as HTML
  [1m[35mMicropost Load (0.3ms)[0m  SELECT "microposts".* FROM "microposts" 
  Rendered microposts/index.html.erb within layouts/application (5.0ms)
Completed 200 OK in 20ms (Views: 17.0ms | ActiveRecord: 0.3ms)


Started GET "/assets/application.css?body=1" for 127.0.0.1 at Mon May 14 10:23:46 +0530 2012
Served asset /application.css - 304 Not Modified (1ms)


Started GET "/assets/firsts.css?body=1" for 127.0.0.1 at Mon May 14 10:23:46 +0530 2012
Served asset /firsts.css - 304 Not Modified (0ms)


Started GET "/assets/microposts.css?body=1" for 127.0.0.1 at Mon May 14 10:23:47 +0530 2012
Served asset /microposts.css - 304 Not Modified (0ms)


Started GET "/assets/scaffolds.css?body=1" for 127.0.0.1 at Mon May 14 10:23:47 +0530 2012
Served asset /scaffolds.css - 304 Not Modified (0ms)


Started GET "/assets/jquery.js?body=1" for 127.0.0.1 at Mon May 14 10:23:47 +0530 2012
Served asset /jquery.js - 304 Not Modified (0ms)


Started GET "/assets/jquery_ujs.js?body=1" for 127.0.0.1 at Mon May 14 10:23:47 +0530 2012
Served asset /jquery_ujs.js - 304 Not Modified (0ms)


Started GET "/assets/firsts.js?body=1" for 127.0.0.1 at Mon May 14 10:23:47 +0530 2012
Served asset /firsts.js - 304 Not Modified (0ms)


Started GET "/assets/microposts.js?body=1" for 127.0.0.1 at Mon May 14 10:23:47 +0530 2012
Served asset /microposts.js - 304 Not Modified (0ms)


Started GET "/assets/application.js?body=1" for 127.0.0.1 at Mon May 14 10:23:47 +0530 2012
Served asset /application.js - 304 Not Modified (4ms)


Started GET "/firsts" for 127.0.0.1 at Mon May 14 10:24:04 +0530 2012
Processing by FirstsController#index as HTML
  [1m[36mFirst Load (0.4ms)[0m  [1mSELECT "firsts".* FROM "firsts" [0m
  Rendered firsts/index.html.erb within layouts/application (1.5ms)
Completed 200 OK in 26ms (Views: 21.7ms | ActiveRecord: 0.4ms)


Started GET "/assets/application.css?body=1" for 127.0.0.1 at Mon May 14 10:24:04 +0530 2012
Served asset /application.css - 304 Not Modified (1ms)


Started GET "/assets/microposts.css?body=1" for 127.0.0.1 at Mon May 14 10:24:04 +0530 2012
Served asset /microposts.css - 304 Not Modified (0ms)


Started GET "/assets/scaffolds.css?body=1" for 127.0.0.1 at Mon May 14 10:24:04 +0530 2012
Served asset /scaffolds.css - 304 Not Modified (0ms)


Started GET "/assets/jquery_ujs.js?body=1" for 127.0.0.1 at Mon May 14 10:24:04 +0530 2012
Served asset /jquery_ujs.js - 304 Not Modified (0ms)


Started GET "/assets/jquery.js?body=1" for 127.0.0.1 at Mon May 14 10:24:05 +0530 2012
Served asset /jquery.js - 304 Not Modified (0ms)


Started GET "/assets/firsts.css?body=1" for 127.0.0.1 at Mon May 14 10:24:05 +0530 2012
Served asset /firsts.css - 304 Not Modified (0ms)


Started GET "/assets/firsts.js?body=1" for 127.0.0.1 at Mon May 14 10:24:05 +0530 2012
Served asset /firsts.js - 304 Not Modified (0ms)


Started GET "/assets/microposts.js?body=1" for 127.0.0.1 at Mon May 14 10:24:05 +0530 2012
Served asset /microposts.js - 304 Not Modified (0ms)


Started GET "/assets/application.js?body=1" for 127.0.0.1 at Mon May 14 10:24:05 +0530 2012
Served asset /application.js - 304 Not Modified (1ms)


Started GET "/firsts" for 127.0.0.1 at Mon May 14 10:39:30 +0530 2012
Processing by FirstsController#index as HTML
  [1m[35mFirst Load (0.3ms)[0m  SELECT "firsts".* FROM "firsts" 
  Rendered firsts/index.html.erb within layouts/application (1.7ms)
Completed 200 OK in 25ms (Views: 17.1ms | ActiveRecord: 1.3ms)


Started GET "/assets/application.css?body=1" for 127.0.0.1 at Mon May 14 10:39:30 +0530 2012
Served asset /application.css - 200 OK (1ms)


Started GET "/assets/firsts.css?body=1" for 127.0.0.1 at Mon May 14 10:39:30 +0530 2012
Served asset /firsts.css - 200 OK (0ms)


Started GET "/assets/microposts.css?body=1" for 127.0.0.1 at Mon May 14 10:39:31 +0530 2012
Served asset /microposts.css - 200 OK (0ms)


Started GET "/assets/scaffolds.css?body=1" for 127.0.0.1 at Mon May 14 10:39:31 +0530 2012
Served asset /scaffolds.css - 200 OK (1ms)


Started GET "/assets/jquery.js?body=1" for 127.0.0.1 at Mon May 14 10:39:31 +0530 2012
Served asset /jquery.js - 200 OK (0ms)


Started GET "/assets/jquery_ujs.js?body=1" for 127.0.0.1 at Mon May 14 10:39:31 +0530 2012
Served asset /jquery_ujs.js - 200 OK (0ms)


Started GET "/assets/firsts.js?body=1" for 127.0.0.1 at Mon May 14 10:39:31 +0530 2012
Served asset /firsts.js - 200 OK (0ms)


Started GET "/assets/microposts.js?body=1" for 127.0.0.1 at Mon May 14 10:39:31 +0530 2012
Served asset /microposts.js - 200 OK (0ms)


Started GET "/assets/application.js?body=1" for 127.0.0.1 at Mon May 14 10:39:31 +0530 2012
Served asset /application.js - 200 OK (1ms)


Started GET "/assets/rails.png" for 127.0.0.1 at Mon May 14 10:47:57 +0530 2012
Served asset /rails.png - 200 OK (0ms)


Started GET "/assets/rails.png" for 127.0.0.1 at Mon May 14 10:48:24 +0530 2012
Served asset /rails.png - 304 Not Modified (0ms)


Started GET "/assets/rails.png" for 127.0.0.1 at Mon May 14 10:49:04 +0530 2012
Served asset /rails.png - 304 Not Modified (0ms)


Started GET "/assets/rails.png" for 127.0.0.1 at Mon May 14 10:49:21 +0530 2012
Served asset /rails.png - 304 Not Modified (0ms)


Started GET "/assets/rails.png" for 127.0.0.1 at Mon May 14 10:49:33 +0530 2012
Served asset /rails.png - 304 Not Modified (0ms)


Started GET "/firsts" for 127.0.0.1 at Mon May 14 10:50:49 +0530 2012
Processing by FirstsController#index as HTML
  [1m[36mFirst Load (0.3ms)[0m  [1mSELECT "firsts".* FROM "firsts" [0m
  Rendered firsts/index.html.erb within layouts/application (1.1ms)
Completed 200 OK in 18ms (Views: 15.1ms | ActiveRecord: 0.3ms)


Started GET "/assets/application.css?body=1" for 127.0.0.1 at Mon May 14 10:50:49 +0530 2012
Served asset /application.css - 304 Not Modified (1ms)


Started GET "/assets/firsts.css?body=1" for 127.0.0.1 at Mon May 14 10:50:49 +0530 2012
Served asset /firsts.css - 304 Not Modified (0ms)


Started GET "/assets/microposts.css?body=1" for 127.0.0.1 at Mon May 14 10:50:49 +0530 2012
Served asset /microposts.css - 304 Not Modified (0ms)


Started GET "/assets/scaffolds.css?body=1" for 127.0.0.1 at Mon May 14 10:50:49 +0530 2012
Served asset /scaffolds.css - 304 Not Modified (0ms)


Started GET "/assets/jquery.js?body=1" for 127.0.0.1 at Mon May 14 10:50:49 +0530 2012
Served asset /jquery.js - 304 Not Modified (0ms)


Started GET "/assets/jquery_ujs.js?body=1" for 127.0.0.1 at Mon May 14 10:50:49 +0530 2012
Served asset /jquery_ujs.js - 304 Not Modified (0ms)


Started GET "/assets/firsts.js?body=1" for 127.0.0.1 at Mon May 14 10:50:49 +0530 2012
Served asset /firsts.js - 304 Not Modified (0ms)


Started GET "/assets/microposts.js?body=1" for 127.0.0.1 at Mon May 14 10:50:49 +0530 2012
Served asset /microposts.js - 304 Not Modified (0ms)


Started GET "/assets/application.js?body=1" for 127.0.0.1 at Mon May 14 10:50:49 +0530 2012
Served asset /application.js - 304 Not Modified (1ms)


Started GET "/firsts" for 127.0.0.1 at Mon May 14 12:46:37 +0530 2012
Processing by FirstsController#index as HTML
  [1m[35mFirst Load (0.4ms)[0m  SELECT "firsts".* FROM "firsts" 
  Rendered firsts/index.html.erb within layouts/application (1.1ms)
Completed 500 Internal Server Error in 28ms

ActionView::Template::Error (Missing partial /firsts with {:formats=>[:html], :handlers=>[:builder, :erb, :coffee], :locale=>[:en]}. Searched in:
  * "/home/rakshitj/rails_projects/first_app/app/views"
):
    9: <body>
    10: 
    11: <%= yield %>
    12: <%=render :partial => "/firsts"%>
    13: </body>
    14: </html>
  app/views/layouts/application.html.erb:12:in `_app_views_layouts_application_html_erb___1067790801_69902211639940'
  app/controllers/firsts_controller.rb:7:in `index'


  Rendered /usr/lib/ruby/gems/1.8/gems/actionpack-3.2.3/lib/action_dispatch/middleware/templates/rescues/_trace.erb (2.5ms)
  Rendered /usr/lib/ruby/gems/1.8/gems/actionpack-3.2.3/lib/action_dispatch/middleware/templates/rescues/_request_and_response.erb (1.8ms)
  Rendered /usr/lib/ruby/gems/1.8/gems/actionpack-3.2.3/lib/action_dispatch/middleware/templates/rescues/template_error.erb within rescues/layout (30.5ms)


Started GET "/firsts" for 127.0.0.1 at Mon May 14 12:46:49 +0530 2012
Processing by FirstsController#index as HTML
  [1m[36mFirst Load (0.3ms)[0m  [1mSELECT "firsts".* FROM "firsts" [0m
  Rendered firsts/index.html.erb within layouts/application (1.0ms)
Completed 500 Internal Server Error in 20ms

ActionView::Template::Error (Missing partial /firsts with {:formats=>[:html], :handlers=>[:builder, :erb, :coffee], :locale=>[:en]}. Searched in:
  * "/home/rakshitj/rails_projects/first_app/app/views"
):
    9: <body>
    10: 
    11: <%= yield %>
    12: <%=render :partial => "/firsts"%>
    13: </body>
    14: </html>
  app/views/layouts/application.html.erb:12:in `_app_views_layouts_application_html_erb___1067790801_69902211639940'
  app/controllers/firsts_controller.rb:7:in `index'


  Rendered /usr/lib/ruby/gems/1.8/gems/actionpack-3.2.3/lib/action_dispatch/middleware/templates/rescues/_trace.erb (2.2ms)
  Rendered /usr/lib/ruby/gems/1.8/gems/actionpack-3.2.3/lib/action_dispatch/middleware/templates/rescues/_request_and_response.erb (1.7ms)
  Rendered /usr/lib/ruby/gems/1.8/gems/actionpack-3.2.3/lib/action_dispatch/middleware/templates/rescues/template_error.erb within rescues/layout (16.7ms)


Started GET "/firsts" for 127.0.0.1 at Mon May 14 12:47:38 +0530 2012
Processing by FirstsController#index as HTML
  [1m[36mFirst Load (0.3ms)[0m  [1mSELECT "firsts".* FROM "firsts" [0m
  Rendered firsts/index.html.erb within layouts/application (9.6ms)
Completed 500 Internal Server Error in 300ms

ActionView::Template::Error (Missing partial /firsts with {:formats=>[:html], :handlers=>[:builder, :erb, :coffee], :locale=>[:en]}. Searched in:
  * "/home/rakshitj/rails_projects/first_app/app/views"
):
    9: <body>
    10: 
    11: <%= yield %>
    12: <%=render :partial => "/firsts"%>
    13: </body>
    14: </html>
  app/views/layouts/application.html.erb:12:in `_app_views_layouts_application_html_erb__1305060035_70339922714920'
  app/controllers/firsts_controller.rb:7:in `index'


  Rendered /usr/lib/ruby/gems/1.8/gems/actionpack-3.2.3/lib/action_dispatch/middleware/templates/rescues/_trace.erb (2.4ms)
  Rendered /usr/lib/ruby/gems/1.8/gems/actionpack-3.2.3/lib/action_dispatch/middleware/templates/rescues/_request_and_response.erb (1.9ms)
  Rendered /usr/lib/ruby/gems/1.8/gems/actionpack-3.2.3/lib/action_dispatch/middleware/templates/rescues/template_error.erb within rescues/layout (18.1ms)


Started GET "/firsts" for 127.0.0.1 at Mon May 14 12:48:06 +0530 2012
Processing by FirstsController#index as HTML
  [1m[35mFirst Load (0.3ms)[0m  SELECT "firsts".* FROM "firsts" 
  Rendered firsts/index.html.erb within layouts/application (1.0ms)
Completed 500 Internal Server Error in 21ms

ActionView::Template::Error (Missing partial /firsts with {:formats=>[:html], :handlers=>[:builder, :erb, :coffee], :locale=>[:en]}. Searched in:
  * "/home/rakshitj/rails_projects/first_app/app/views"
):
    9: <body>
    10: 
    11: <%= yield %>
    12: <%=render :partial => "/firsts"%>
    13: </body>
    14: </html>
  app/views/layouts/application.html.erb:12:in `_app_views_layouts_application_html_erb__1305060035_70339922714920'
  app/controllers/firsts_controller.rb:7:in `index'


  Rendered /usr/lib/ruby/gems/1.8/gems/actionpack-3.2.3/lib/action_dispatch/middleware/templates/rescues/_trace.erb (2.4ms)
  Rendered /usr/lib/ruby/gems/1.8/gems/actionpack-3.2.3/lib/action_dispatch/middleware/templates/rescues/_request_and_response.erb (1.8ms)
  Rendered /usr/lib/ruby/gems/1.8/gems/actionpack-3.2.3/lib/action_dispatch/middleware/templates/rescues/template_error.erb within rescues/layout (17.3ms)


Started GET "/firsts" for 127.0.0.1 at Mon May 14 12:48:10 +0530 2012
Processing by FirstsController#index as HTML
  [1m[36mFirst Load (0.4ms)[0m  [1mSELECT "firsts".* FROM "firsts" [0m
  Rendered firsts/index.html.erb within layouts/application (1.1ms)
Completed 500 Internal Server Error in 20ms

ActionView::Template::Error (Missing partial /firsts with {:formats=>[:html], :handlers=>[:builder, :erb, :coffee], :locale=>[:en]}. Searched in:
  * "/home/rakshitj/rails_projects/first_app/app/views"
):
    9: <body>
    10: 
    11: <%= yield %>
    12: <%=render :partial => "/firsts"%>
    13: </body>
    14: </html>
  app/views/layouts/application.html.erb:12:in `_app_views_layouts_application_html_erb__1305060035_70339922714920'
  app/controllers/firsts_controller.rb:7:in `index'


  Rendered /usr/lib/ruby/gems/1.8/gems/actionpack-3.2.3/lib/action_dispatch/middleware/templates/rescues/_trace.erb (2.8ms)
  Rendered /usr/lib/ruby/gems/1.8/gems/actionpack-3.2.3/lib/action_dispatch/middleware/templates/rescues/_request_and_response.erb (1.8ms)
  Rendered /usr/lib/ruby/gems/1.8/gems/actionpack-3.2.3/lib/action_dispatch/middleware/templates/rescues/template_error.erb within rescues/layout (18.9ms)


Started GET "/firsts" for 127.0.0.1 at Mon May 14 12:48:32 +0530 2012
Processing by FirstsController#index as HTML
  [1m[35mFirst Load (0.4ms)[0m  SELECT "firsts".* FROM "firsts" 
  Rendered firsts/index.html.erb within layouts/application (2.0ms)
Completed 200 OK in 28ms (Views: 24.2ms | ActiveRecord: 0.4ms)


Started GET "/assets/application.css?body=1" for 127.0.0.1 at Mon May 14 12:48:32 +0530 2012
Served asset /application.css - 200 OK (25ms)


Started GET "/assets/firsts.css?body=1" for 127.0.0.1 at Mon May 14 12:48:32 +0530 2012
Served asset /firsts.css - 200 OK (12ms)


Started GET "/assets/microposts.css?body=1" for 127.0.0.1 at Mon May 14 12:48:32 +0530 2012
Served asset /microposts.css - 200 OK (7ms)


Started GET "/assets/scaffolds.css?body=1" for 127.0.0.1 at Mon May 14 12:48:32 +0530 2012
Served asset /scaffolds.css - 200 OK (8ms)


Started GET "/assets/jquery.js?body=1" for 127.0.0.1 at Mon May 14 12:48:32 +0530 2012
Served asset /jquery.js - 200 OK (19ms)


Started GET "/assets/jquery_ujs.js?body=1" for 127.0.0.1 at Mon May 14 12:48:32 +0530 2012
Served asset /jquery_ujs.js - 200 OK (17ms)


Started GET "/assets/firsts.js?body=1" for 127.0.0.1 at Mon May 14 12:48:32 +0530 2012
Served asset /firsts.js - 200 OK (7ms)


Started GET "/assets/microposts.js?body=1" for 127.0.0.1 at Mon May 14 12:48:32 +0530 2012
Served asset /microposts.js - 200 OK (7ms)


Started GET "/assets/application.js?body=1" for 127.0.0.1 at Mon May 14 12:48:32 +0530 2012
Served asset /application.js - 200 OK (36ms)
